#
# There is insufficient memory for the Java Runtime Environment to continue.
# Native memory allocation (mmap) failed to map 266338304 bytes for G1 virtual space
# Possible reasons:
#   The system is out of physical RAM or swap space
#   The process is running with CompressedOops enabled, and the Java Heap may be blocking the growth of the native heap
# Possible solutions:
#   Reduce memory load on the system
#   Increase physical memory or swap space
#   Check if swap backing store is full
#   Decrease Java heap size (-Xmx/-Xms)
#   Decrease number of Java threads
#   Decrease Java thread stack sizes (-Xss)
#   Set larger code cache with -XX:ReservedCodeCacheSize=
#   JVM is running with Zero Based Compressed Oops mode in which the Java heap is
#     placed in the first 32GB address space. The Java Heap base address is the
#     maximum limit for the native heap growth. Please use -XX:HeapBaseMinAddress
#     to set the Java Heap base and to place the Java Heap above 32GB virtual address.
# This output file may be truncated or incomplete.
#
#  Out of Memory Error (./open/src/hotspot/os/windows/os_windows.cpp:3472), pid=29320, tid=3280
#
# JRE version:  (15.0+36) (build )
# Java VM: Java HotSpot(TM) 64-Bit Server VM (15+36-1562, mixed mode, sharing, tiered, compressed oops, g1 gc, windows-amd64)
# No core dump will be written. Minidumps are not enabled by default on client versions of Windows
#

---------------  S U M M A R Y ------------

Command Line: -Dfile.encoding=Cp1252 -XX:+ShowCodeDetailsInExceptionMessages projets5t4.PanelSignUp

Host: Intel(R) Core(TM) i7-9750H CPU @ 2.60GHz, 12 cores, 15G,  Windows 10 , 64 bit Build 19041 (10.0.19041.546)
Time: Thu Dec  3 15:23:01 2020 Paris, Madrid elapsed time: 0.009204 seconds (0d 0h 0m 0s)

---------------  T H R E A D  ---------------

Current thread (0x000001cb9ff8fa90):  JavaThread "Unknown thread" [_thread_in_vm, id=3280, stack(0x0000006373500000,0x0000006373600000)]

Stack: [0x0000006373500000,0x0000006373600000]
Native frames: (J=compiled Java code, j=interpreted, Vv=VM code, C=native code)
V  [jvm.dll+0x629eaa]
V  [jvm.dll+0x780379]
V  [jvm.dll+0x781ad3]
V  [jvm.dll+0x782133]
V  [jvm.dll+0x2159d5]
V  [jvm.dll+0x627299]
V  [jvm.dll+0x61bdd5]
V  [jvm.dll+0x2cf96d]
V  [jvm.dll+0x2cf7d2]
V  [jvm.dll+0x2d57ac]
V  [jvm.dll+0x32523a]
V  [jvm.dll+0x324904]
V  [jvm.dll+0x2a68ea]
V  [jvm.dll+0x2a7a88]
V  [jvm.dll+0x75d0f1]
V  [jvm.dll+0x333af4]
V  [jvm.dll+0x73d816]
V  [jvm.dll+0x3b68e7]
V  [jvm.dll+0x3b8371]
C  [jli.dll+0x52fb]
C  [ucrtbase.dll+0x214c2]
C  [KERNEL32.DLL+0x17034]
C  [ntdll.dll+0x4cec1]


---------------  P R O C E S S  ---------------

Threads class SMR info:
_java_thread_list=0x00007ffafbfc2fa0, length=0, elements={
}

Java Threads: ( => current thread )

Other Threads:
  0x000001cb9ffe11c0 GCTaskThread "GC Thread#0" [stack: 0x0000006373600000,0x0000006373700000] [id=1860]
  0x000001cb9fff3690 ConcurrentGCThread "G1 Main Marker" [stack: 0x0000006373700000,0x0000006373800000] [id=36824]
  0x000001cb9fff5fd0 ConcurrentGCThread "G1 Conc#0" [stack: 0x0000006373800000,0x0000006373900000] [id=34148]

[error occurred during error reporting (printing all threads), id 0xc0000005, EXCEPTION_ACCESS_VIOLATION (0xc0000005) at pc=0x00007ffafb7b77b7]

VM state: not at safepoint (not fully initialized)

VM Mutex/Monitor currently owned by a thread:  ([mutex/lock_event])
[0x000001cb9ff8c010] Heap_lock - owner thread: 0x000001cb9ff8fa90

Heap address: 0x0000000702600000, size: 4058 MB, Compressed Oops mode: Zero based, Oop shift amount: 3
CDS archive(s) mapped at: [0x0000000000000000-0x0000000000000000-0x0000000000000000), size 0, SharedBaseAddress: 0x0000000800000000, ArchiveRelocationMode: 0.
Narrow klass base: 0x0000000000000000, Narrow klass shift: 0, Narrow klass range: 0x0

Heap:
 garbage-first heap   total 260096K, used 0K [0x0000000702600000, 0x0000000800000000)
  region size 2048K, 0 young (0K), 0 survivors (0K)
 Metaspace       used 0K, capacity 0K, committed 0K, reserved 0K
  class space    used 0K, capacity 0K, committed 0K, reserved 0K

Heap Regions: E=young(eden), S=young(survivor), O=old, HS=humongous(starts), HC=humongous(continues), CS=collection set, F=free, OA=open archive, CA=closed archive, TAMS=top-at-mark-start (previous, next)

Card table byte_map: [0x000001cbb7f10000,0x000001cbb8700000] _byte_map_base: 0x000001cbb46fd000

Marking Bits (Prev, Next): (CMBitMap*) 0x000001cb9ffe1770, (CMBitMap*) 0x000001cb9ffe17b0
 Prev Bits: [0x000001cbb8ef0000, 0x000001cbbce58000)
 Next Bits: [0x000001cbbce60000, 0x000001cbc0dc8000)

GC Heap History (0 events):
No events

Deoptimization events (0 events):
No events

Classes unloaded (0 events):
No events

Classes redefined (0 events):
No events

Internal exceptions (0 events):
No events

Events (1 events):
Event: 0.005 Loaded shared library C:\Program Files\Java\jdk-15\bin\java.dll


Dynamic libraries:
0x00007ff6726e0000 - 0x00007ff6726ef000 	C:\Program Files\Java\jdk-15\bin\javaw.exe
0x00007ffb8db50000 - 0x00007ffb8dd46000 	C:\WINDOWS\SYSTEM32\ntdll.dll
0x00007ffb8d290000 - 0x00007ffb8d34d000 	C:\WINDOWS\System32\KERNEL32.DLL
0x00007ffb8b410000 - 0x00007ffb8b6d8000 	C:\WINDOWS\System32\KERNELBASE.dll
0x00007ffb8b6e0000 - 0x00007ffb8b7e0000 	C:\WINDOWS\System32\ucrtbase.dll
0x00007ffb7a050000 - 0x00007ffb7a068000 	C:\Program Files\Java\jdk-15\bin\jli.dll
0x00007ffb7f7d0000 - 0x00007ffb7f7e9000 	C:\Program Files\Java\jdk-15\bin\VCRUNTIME140.dll
0x00007ffb8cd50000 - 0x00007ffb8cdfc000 	C:\WINDOWS\System32\ADVAPI32.dll
0x00007ffb8d720000 - 0x00007ffb8d7be000 	C:\WINDOWS\System32\msvcrt.dll
0x00007ffb8cfb0000 - 0x00007ffb8d04b000 	C:\WINDOWS\System32\sechost.dll
0x00007ffb8d360000 - 0x00007ffb8d484000 	C:\WINDOWS\System32\RPCRT4.dll
0x00007ffb8d0e0000 - 0x00007ffb8d280000 	C:\WINDOWS\System32\USER32.dll
0x00007ffb8b7e0000 - 0x00007ffb8b802000 	C:\WINDOWS\System32\win32u.dll
0x00007ffb8d6f0000 - 0x00007ffb8d71a000 	C:\WINDOWS\System32\GDI32.dll
0x00007ffb74cd0000 - 0x00007ffb74f6b000 	C:\WINDOWS\WinSxS\amd64_microsoft.windows.common-controls_6595b64144ccf1df_6.0.19041.488_none_ca04af081b815d21\COMCTL32.dll
0x00007ffb8b810000 - 0x00007ffb8b919000 	C:\WINDOWS\System32\gdi32full.dll
0x00007ffb8b2e0000 - 0x00007ffb8b37d000 	C:\WINDOWS\System32\msvcp_win.dll
0x00007ffb855c0000 - 0x00007ffb855ca000 	C:\WINDOWS\SYSTEM32\VERSION.dll
0x00007ffb8c020000 - 0x00007ffb8c050000 	C:\WINDOWS\System32\IMM32.DLL
0x00007ffb81fe0000 - 0x00007ffb81fec000 	C:\Program Files\Java\jdk-15\bin\vcruntime140_1.dll
0x00007ffb39a60000 - 0x00007ffb39af1000 	C:\Program Files\Java\jdk-15\bin\msvcp140.dll
0x00007ffafb500000 - 0x00007ffafc05c000 	C:\Program Files\Java\jdk-15\bin\server\jvm.dll
0x00007ffb8d6e0000 - 0x00007ffb8d6e8000 	C:\WINDOWS\System32\PSAPI.DLL
0x00007ffb703c0000 - 0x00007ffb703c9000 	C:\WINDOWS\SYSTEM32\WSOCK32.dll
0x00007ffb78a90000 - 0x00007ffb78ab7000 	C:\WINDOWS\SYSTEM32\WINMM.dll
0x00007ffb8d970000 - 0x00007ffb8d9db000 	C:\WINDOWS\System32\WS2_32.dll
0x00007ffb891e0000 - 0x00007ffb891f2000 	C:\WINDOWS\SYSTEM32\kernel.appcore.dll
0x00007ffb82e00000 - 0x00007ffb82e0a000 	C:\Program Files\Java\jdk-15\bin\jimage.dll
0x00007ffb741a0000 - 0x00007ffb74384000 	C:\WINDOWS\SYSTEM32\DBGHELP.DLL
0x00007ffb71750000 - 0x00007ffb7177c000 	C:\WINDOWS\SYSTEM32\dbgcore.DLL
0x00007ffb8b920000 - 0x00007ffb8b99f000 	C:\WINDOWS\System32\bcryptPrimitives.dll
0x00007ffb5c360000 - 0x00007ffb5c385000 	C:\Program Files\Java\jdk-15\bin\java.dll

dbghelp: loaded successfully - version: 4.0.5 - missing functions: none
symbol engine: initialized successfully - sym options: 0x614 - pdb path: .;C:\Program Files\Java\jdk-15\bin;C:\WINDOWS\SYSTEM32;C:\WINDOWS\WinSxS\amd64_microsoft.windows.common-controls_6595b64144ccf1df_6.0.19041.488_none_ca04af081b815d21;C:\Program Files\Java\jdk-15\bin\server

VM Arguments:
jvm_args: -Dfile.encoding=Cp1252 -XX:+ShowCodeDetailsInExceptionMessages 
java_command: projets5t4.PanelSignUp
java_class_path (initial): C:\Users\Augustin Berthod\Documents\GitHub\Projet-S5-Team-4\ProjetS5T4\bin1;C:\Users\Augustin Berthod\Documents\GitHub\Projet-S5-Team-4\ProjetS5T4\lib\mysql-connector-java-5.1.49-bin.jar
Launcher Type: SUN_STANDARD

[Global flags]
     intx CICompilerCount                          = 4                                         {product} {ergonomic}
     uint ConcGCThreads                            = 3                                         {product} {ergonomic}
     uint G1ConcRefinementThreads                  = 10                                        {product} {ergonomic}
   size_t G1HeapRegionSize                         = 2097152                                   {product} {ergonomic}
    uintx GCDrainStackTargetSize                   = 64                                        {product} {ergonomic}
   size_t InitialHeapSize                          = 266338304                                 {product} {ergonomic}
   size_t MarkStackSize                            = 4194304                                   {product} {ergonomic}
   size_t MaxHeapSize                              = 4255121408                                {product} {ergonomic}
   size_t MinHeapDeltaBytes                        = 2097152                                   {product} {ergonomic}
   size_t MinHeapSize                              = 8388608                                   {product} {ergonomic}
    uintx NonNMethodCodeHeapSize                   = 5839372                                {pd product} {ergonomic}
    uintx NonProfiledCodeHeapSize                  = 122909434                              {pd product} {ergonomic}
    uintx ProfiledCodeHeapSize                     = 122909434                              {pd product} {ergonomic}
    uintx ReservedCodeCacheSize                    = 251658240                              {pd product} {ergonomic}
     bool SegmentedCodeCache                       = true                                      {product} {ergonomic}
     bool ShowCodeDetailsInExceptionMessages       = true                                   {manageable} {command line}
   size_t SoftMaxHeapSize                          = 4255121408                             {manageable} {ergonomic}
     bool UseCompressedClassPointers               = true                                 {lp64_product} {ergonomic}
     bool UseCompressedOops                        = true                                 {lp64_product} {ergonomic}
     bool UseG1GC                                  = true                                      {product} {ergonomic}
     bool UseLargePagesIndividualAllocation        = false                                  {pd product} {ergonomic}

Logging:
Log output configuration:
 #0: stdout all=warning uptime,level,tags
 #1: stderr all=off uptime,level,tags

Environment Variables:
PATH=C:/Program Files/Java/jdk-15/bin/server;C:/Program Files/Java/jdk-15/bin;C:/Users/AUGUST~1/AppData/Local/Temp/eoiB2C4.tmp//plugins/org.eclipse.justj.openjdk.hotspot.jre.minimal.stripped.win32.x86_64_14.0.2.v20200815-0932/jre/bin/server;C:/Users/AUGUST~1/AppData/Local/Temp/eoiB2C4.tmp//plugins/org.eclipse.justj.openjdk.hotspot.jre.minimal.stripped.win32.x86_64_14.0.2.v20200815-0932/jre/bin;C:\Program Files (x86)\Google\Chrome\Application;C:\Program Files\AdoptOpenJDK\jdk-14.0.2.12-hotspot\bin;C:\Program Files\Common Files\Oracle\Java\javapath;C:\Program Files (x86)\Common Files\Oracle\Java\javapath;C:\Windows\system32;C:\Windows;C:\Windows\System32\Wbem;C:\Windows\System32\WindowsPowerShell\v1.0\;C:\Windows\System32\OpenSSH\;C:\Program Files (x86)\NVIDIA Corporation\PhysX\Common;C:\Program Files\Intel\WiFi\bin\;C:\Program Files\Common Files\Intel\WirelessCommon\;C:\WINDOWS\system32;C:\WINDOWS;C:\WINDOWS\System32\Wbem;C:\WINDOWS\System32\WindowsPowerShell\v1.0\;C:\WINDOWS\System32\OpenSSH\;C:\Program Files\dotnet\;C:\Program Files\NVIDIA Corporation\NVIDIA NvDLISR;C:\WINDOWS\system32;C:\WINDOWS;C:\WINDOWS\System32\Wbem;C:\WINDOWS\System32\WindowsPowerShell\v1.0\;C:\WINDOWS\System32\OpenSSH\;C:\Program Files\MATLAB\R2020a\bin;C:\Program Files\nodejs\;C:\Program Files\MySQL\MySQL Shell 8.0\bin\;C:\Users\Augustin Berthod\AppData\Local\Microsoft\WindowsApps;C:\Users\Augustin Berthod\AppData\Local\atom\bin;C:\Users\Augustin Berthod\AppData\Local\Programs\Microsoft VS Code\bin;C:\Users\Augustin Berthod\AppData\Roaming\npm;C:\Program Files\Intel\WiFi\bin\;C:\Program Files\Common Files\Intel\WirelessCommon\;C:\Users\Augustin Berthod\AppData\Local\GitHubDesktop\bin;C:\Users\Augustin Berthod\Downloads;;C:\Users\Augustin Berthod\Downloads;
USERNAME=Augustin Berthod
OS=Windows_NT
PROCESSOR_IDENTIFIER=Intel64 Family 6 Model 158 Stepping 13, GenuineIntel



---------------  S Y S T E M  ---------------

OS:
 Windows 10 , 64 bit Build 19041 (10.0.19041.546)
OS uptime: 20 days 6:59 hours

CPU: total 12 (initial active 12) (6 cores per cpu, 2 threads per core) family 6 model 158 stepping 13, cmov, cx8, fxsr, mmx, sse, sse2, sse3, ssse3, sse4.1, sse4.2, popcnt, vzeroupper, avx, avx2, aes, clmul, erms, 3dnowpref, lzcnt, ht, tsc, tscinvbit, bmi1, bmi2, adx, fma, clflush, clflushopt

Memory: 4k page, system-wide physical 16230M (3923M free)
TotalPageFile size 46327M (AvailPageFile size 136M)
current process WorkingSet (physical memory assigned to process): 10M, peak: 10M
current process commit charge ("private bytes"): 64M, peak: 318M

vm_info: Java HotSpot(TM) 64-Bit Server VM (15+36-1562) for windows-amd64 JRE (15+36-1562), built on Aug 11 2020 22:38:02 by "mach5one" with unknown MS VC++:1925

END.
